<?xml version="1.0" encoding="UTF-8"?>
<!-- Generated by org.testng.reporters.JUnitReportReporter -->
<testsuite skipped="0" hostname="Joshwan" name="com.webpageAutomation.qa.testcases.HomePageTest" tests="1" failures="0" timestamp="2020-06-10T10:04:03 PDT" time="58.762" errors="0">
  <testcase name="selectItemfromList" time="58.762" classname="com.webpageAutomation.qa.testcases.HomePageTest"/>
  <system-out/>
</testsuite> <!-- com.webpageAutomation.qa.testcases.HomePageTest -->
